[2018-08-03 08:47:54] __rvm_make
__rvm_make () 
{ 
    \make "$@" || return $?
}
current path: /home/aspyre/.rvm/src/ruby-2.5.0
PATH=/usr/local/sbin:/usr/local/bin:/usr/sbin:/usr/bin:/sbin:/bin:/usr/games:/usr/local/games:/snap/bin:/home/aspyre/.rvm/bin:/home/aspyre/.rvm/bin:/home/aspyre/.rvm/bin
command(2): __rvm_make -j2
++ make -j2
	CC = gcc
	LD = ld
	LDSHARED = gcc -shared
	CFLAGS = -O3 -ggdb3 -Wall -Wextra -Wno-unused-parameter -Wno-parentheses -Wno-long-long -Wno-missing-field-initializers -Wno-tautological-compare -Wno-parentheses-equality -Wno-constant-logical-operand -Wno-self-assign -Wunused-variable -Wimplicit-int -Wpointer-arith -Wwrite-strings -Wdeclaration-after-statement -Wimplicit-function-declaration -Wdeprecated-declarations -Wmisleading-indentation -Wno-packed-bitfield-compat -Wsuggest-attribute=noreturn -Wsuggest-attribute=format -Wimplicit-fallthrough=0 -Wduplicated-cond -Wrestrict -std=gnu99  -fPIC 
	XCFLAGS = -D_FORTIFY_SOURCE=2 -fstack-protector -fno-strict-overflow -fvisibility=hidden -fexcess-precision=standard -DRUBY_EXPORT
	CPPFLAGS =   -I. -I.ext/include/x86_64-linux -I./include -I. -I./enc/unicode/10.0.0
	DLDFLAGS = -Wl,--compress-debug-sections=zlib -Wl,-soname,libruby.so.2.5  -fstack-protector  
	SOLIBS = -lpthread -lgmp -ldl -lcrypt -lm  
	LANG = en_PH.UTF-8
	LC_ALL = 
	LC_CTYPE = 
gcc (Ubuntu 7.3.0-16ubuntu3) 7.3.0
Copyright (C) 2017 Free Software Foundation, Inc.
This is free software; see the source for copying conditions.  There is NO
warranty; not even for MERCHANTABILITY or FITNESS FOR A PARTICULAR PURPOSE.

compiling ./main.c
compiling dmydln.c
compiling miniinit.c
compiling dmyext.c
generating miniprelude.c
executable host ruby is required. use --with-baseruby option.
uncommon.mk:960: recipe for target 'miniprelude.c' failed
make: *** [miniprelude.c] Error 1
make: *** Waiting for unfinished jobs....
++ return 2
