[2018-08-01 12:15:24] __rvm_package_extract
__rvm_package_extract () 
{ 
    rvm_debug __rvm_package_extract:$#: "$@";
    \typeset __extract_src __extract_target __tempdir __path __file __return;
    __extract_src="$1";
    __extract_target="$2";
    shift 2;
    __return=0;
    __tempdir="$( TMPDIR="${rvm_tmp_path}" mktemp -d -t rvm-tmp.XXXXXXXXX )";
    __rvm_package_extract_run "$__extract_src" "$__tempdir" "$@" || __return=$?;
    if (( __return == 0 )); then
        for __path in "$__tempdir"/*;
        do
            __file="${__path##*/}";
            if [[ -n "${__file}" && -e "$__extract_target/${__file}" ]]; then
                \command \rm -rf "$__extract_target/${__file}" || __return=$?;
            fi;
            \command \mv -f "${__path}" "$__extract_target/" || __return=$?;
        done;
    fi;
    if [[ -n "$__tempdir" ]]; then
        \command \rm -rf "$__tempdir";
    fi;
    return $__return
}
current path: /home/aspyre/.rvm/src
PATH=/usr/local/sbin:/usr/local/bin:/usr/sbin:/usr/bin:/sbin:/bin:/usr/games:/usr/local/games:/snap/bin:/home/aspyre/.rvm/bin
command(3): __rvm_package_extract /home/aspyre/.rvm/archives/ruby-2.5.1.tar.bz2 /home/aspyre/.rvm/tmp/rvm_src_11188
++ rvm_debug __rvm_package_extract:2: /home/aspyre/.rvm/archives/ruby-2.5.1.tar.bz2 /home/aspyre/.rvm/tmp/rvm_src_11188
++ ((  0  ))
++ return 0
++ typeset __extract_src __extract_target __tempdir __path __file __return
++ __extract_src=/home/aspyre/.rvm/archives/ruby-2.5.1.tar.bz2
++ __extract_target=/home/aspyre/.rvm/tmp/rvm_src_11188
++ shift 2
++ __return=0
+++ TMPDIR=/home/aspyre/.rvm/tmp
+++ mktemp -d -t rvm-tmp.XXXXXXXXX
++ __tempdir=/home/aspyre/.rvm/tmp/rvm-tmp.xxXALySLb
++ __rvm_package_extract_run /home/aspyre/.rvm/archives/ruby-2.5.1.tar.bz2 /home/aspyre/.rvm/tmp/rvm-tmp.xxXALySLb
++ typeset __extract_run_src __extract_run_target __exclude_elements
++ __extract_run_src=/home/aspyre/.rvm/archives/ruby-2.5.1.tar.bz2
++ __extract_run_target=/home/aspyre/.rvm/tmp/rvm-tmp.xxXALySLb
++ shift 2
++ __exclude_elements=()
++ [[    != *\ \-\-\n\o\-\s\a\m\e\-\o\w\n\e\r\ * ]]
++ __rvm_tar --help
++ __rvm_grep -- --no-same-owner
++ GREP_OPTIONS=
++ command grep -- --no-same-owner
++ grep -- --no-same-owner
++ rvm_tar_options=--no-same-owner
++ [[ -d /home/aspyre/.rvm/tmp/rvm-tmp.xxXALySLb ]]
++ case "$__extract_run_src" in
++ __map_tar_excludes
++ typeset __exclude_element
++ [[ -n '' ]]
++ __rvm_tar -xjf /home/aspyre/.rvm/archives/ruby-2.5.1.tar.bz2 -C /home/aspyre/.rvm/tmp/rvm-tmp.xxXALySLb --no-same-owner
++ tar -xjf /home/aspyre/.rvm/archives/ruby-2.5.1.tar.bz2 -C /home/aspyre/.rvm/tmp/rvm-tmp.xxXALySLb --no-same-owner
++ __rvm_fix_group_permissions /home/aspyre/.rvm/tmp/rvm-tmp.xxXALySLb/ruby-2.5.1
++ __rvm_grep g=rw
++ umask -S
++ GREP_OPTIONS=
++ command grep g=rw
++ grep g=rw
++ return 1
++ ((  __return == 0  ))
++ for __path in "$__tempdir"/*
++ __file=ruby-2.5.1
++ [[ -n ruby-2.5.1 ]]
++ [[ -e /home/aspyre/.rvm/tmp/rvm_src_11188/ruby-2.5.1 ]]
++ command mv -f /home/aspyre/.rvm/tmp/rvm-tmp.xxXALySLb/ruby-2.5.1 /home/aspyre/.rvm/tmp/rvm_src_11188/
++ mv -f /home/aspyre/.rvm/tmp/rvm-tmp.xxXALySLb/ruby-2.5.1 /home/aspyre/.rvm/tmp/rvm_src_11188/
++ [[ -n /home/aspyre/.rvm/tmp/rvm-tmp.xxXALySLb ]]
++ command rm -rf /home/aspyre/.rvm/tmp/rvm-tmp.xxXALySLb
++ rm -rf /home/aspyre/.rvm/tmp/rvm-tmp.xxXALySLb
++ return 0
