[2018-08-01 12:16:00] __rvm_make
__rvm_make () 
{ 
    \make "$@" || return $?
}
current path: /home/aspyre/.rvm/src/ruby-2.5.1
PATH=/usr/local/sbin:/usr/local/bin:/usr/sbin:/usr/bin:/sbin:/bin:/usr/games:/usr/local/games:/snap/bin:/home/aspyre/.rvm/bin
command(2): __rvm_make -j2
++ make -j2
	CC = gcc
	LD = ld
	LDSHARED = gcc -shared
	CFLAGS = -O3 -ggdb3 -Wall -Wextra -Wno-unused-parameter -Wno-parentheses -Wno-long-long -Wno-missing-field-initializers -Wno-tautological-compare -Wno-parentheses-equality -Wno-constant-logical-operand -Wno-self-assign -Wunused-variable -Wimplicit-int -Wpointer-arith -Wwrite-strings -Wdeclaration-after-statement -Wimplicit-function-declaration -Wdeprecated-declarations -Wmisleading-indentation -Wno-packed-bitfield-compat -Wsuggest-attribute=noreturn -Wsuggest-attribute=format -Wimplicit-fallthrough=0 -Wduplicated-cond -Wrestrict -std=gnu99  -fPIC 
	XCFLAGS = -D_FORTIFY_SOURCE=2 -fstack-protector -fno-strict-overflow -fvisibility=hidden -fexcess-precision=standard -DRUBY_EXPORT
	CPPFLAGS =   -I. -I.ext/include/x86_64-linux -I./include -I. -I./enc/unicode/10.0.0
	DLDFLAGS = -Wl,--compress-debug-sections=zlib -Wl,-soname,libruby.so.2.5  -fstack-protector  
	SOLIBS = -lpthread -lgmp -ldl -lcrypt -lm  
	LANG = en_PH.UTF-8
	LC_ALL = 
	LC_CTYPE = 
gcc (Ubuntu 7.3.0-16ubuntu3) 7.3.0
Copyright (C) 2017 Free Software Foundation, Inc.
This is free software; see the source for copying conditions.  There is NO
warranty; not even for MERCHANTABILITY or FITNESS FOR A PARTICULAR PURPOSE.

compiling dmydln.c
compiling ./main.c
compiling miniinit.c
compiling dmyext.c
compiling miniprelude.c
making dummy probes.h
compiling bignum.c
compiling class.c
compiling compar.c
compiling compile.c
compiling complex.c
compiling cont.c
compiling debug.c
compiling debug_counter.c
compiling dir.c
compiling dln_find.c
compiling encoding.c
compiling enum.c
compiling enumerator.c
compiling error.c
compiling eval.c
compiling file.c
compiling gc.c
compiling hash.c
compiling inits.c
compiling io.c
compiling iseq.c
compiling load.c
compiling marshal.c
compiling math.c
compiling node.c
compiling numeric.c
compiling object.c
compiling pack.c
compiling parse.c
compiling proc.c
compiling process.c
compiling random.c
compiling range.c
compiling rational.c
compiling re.c
compiling regcomp.c
compiling regenc.c
compiling regerror.c
compiling regexec.c
compiling regparse.c
compiling regsyntax.c
compiling ruby.c
compiling safe.c
compiling signal.c
compiling sprintf.c
compiling st.c
compiling strftime.c
compiling string.c
compiling struct.c
compiling symbol.c
compiling thread.c
compiling time.c
compiling transcode.c
compiling util.c
compiling variable.c
compiling version.c
compiling vm.c
compiling vm_backtrace.c
compiling vm_dump.c
compiling vm_trace.c
compiling ./missing/setproctitle.c
compiling ./missing/strlcat.c
compiling ./missing/strlcpy.c
compiling addr2line.c
compiling dmyenc.c
compiling dln.c
compiling localeinit.c
compiling prelude.c
compiling array.c
compiling enc/ascii.c
compiling enc/us_ascii.c
compiling enc/unicode.c
compiling enc/utf_8.c
compiling enc/trans/newline.c
linking miniruby
generating encdb.h
encdb.h updated
./tool/ifchange "--timestamp=.rbconfig.time" rbconfig.rb rbconfig.tmp
rbconfig.rb updated
creating verconf.h
generating enc.mk
verconf.h updated
compiling loadpath.c
making srcs under enc
make[1]: Entering directory '/home/aspyre/.rvm/src/ruby-2.5.1'
make[1]: Nothing to be done for 'srcs'.
make[1]: Leaving directory '/home/aspyre/.rvm/src/ruby-2.5.1'
generating transdb.h
linking static-library libruby-static.a
transdb.h updated
linking shared-library libruby.so.2.5.1
generating makefiles ext/configure-ext.mk
making enc
make[1]: Entering directory '/home/aspyre/.rvm/src/ruby-2.5.1'
compiling ./enc/encdb.c
ext/configure-ext.mk updated
compiling ./enc/big5.c
compiling ./enc/cp949.c
compiling ./enc/emacs_mule.c
compiling ./enc/euc_jp.c
compiling ./enc/euc_kr.c
compiling ./enc/euc_tw.c
compiling ./enc/gb2312.c
compiling ./enc/gb18030.c
compiling ./enc/gbk.c
compiling ./enc/iso_8859_1.c
compiling ./enc/iso_8859_2.c
compiling ./enc/iso_8859_3.c
compiling ./enc/iso_8859_4.c
compiling ./enc/iso_8859_5.c
compiling ./enc/iso_8859_6.c
compiling ./enc/iso_8859_7.c
compiling ./enc/iso_8859_8.c
compiling ./enc/iso_8859_9.c
compiling ./enc/iso_8859_10.c
compiling ./enc/iso_8859_11.c
compiling ./enc/iso_8859_13.c
compiling ./enc/iso_8859_14.c
compiling ./enc/iso_8859_15.c
compiling ./enc/iso_8859_16.c
compiling ./enc/koi8_r.c
compiling ./enc/koi8_u.c
compiling ./enc/shift_jis.c
making trans
make[1]: Entering directory '/home/aspyre/.rvm/src/ruby-2.5.1'
compiling ./enc/trans/transdb.c
compiling ./enc/trans/big5.c
compiling ./enc/utf_16be.c
compiling ./enc/utf_16le.c
compiling ./enc/utf_32be.c
compiling ./enc/utf_32le.c
compiling ./enc/windows_31j.c
compiling ./enc/windows_1250.c
compiling ./enc/windows_1251.c
compiling ./enc/windows_1252.c
compiling ./enc/windows_1253.c
compiling ./enc/windows_1254.c
compiling ./enc/windows_1257.c
linking encoding encdb.so
linking encoding big5.so
linking encoding cp949.so
linking encoding emacs_mule.so
linking encoding euc_jp.so
linking encoding euc_kr.so
linking encoding euc_tw.so
linking encoding gb2312.so
linking encoding gb18030.so
linking encoding gbk.so
linking encoding iso_8859_1.so
linking encoding iso_8859_2.so
linking encoding iso_8859_3.so
linking encoding iso_8859_4.so
linking encoding iso_8859_5.so
linking encoding iso_8859_6.so
linking encoding iso_8859_7.so
linking encoding iso_8859_8.so
linking encoding iso_8859_9.so
linking encoding iso_8859_10.so
linking encoding iso_8859_11.so
linking encoding iso_8859_13.so
linking encoding iso_8859_14.so
linking encoding iso_8859_15.so
linking encoding iso_8859_16.so
linking encoding koi8_r.so
linking encoding koi8_u.so
linking encoding shift_jis.so
linking encoding utf_16be.so
linking encoding utf_16le.so
linking encoding utf_32be.so
linking encoding utf_32le.so
linking encoding windows_31j.so
linking encoding windows_1250.so
compiling ./enc/trans/chinese.c
linking encoding windows_1251.so
linking encoding windows_1252.so
linking encoding windows_1253.so
linking encoding windows_1254.so
linking encoding windows_1257.so
make[1]: Leaving directory '/home/aspyre/.rvm/src/ruby-2.5.1'
make[1]: Entering directory '/home/aspyre/.rvm/src/ruby-2.5.1'
configuring -test-/array/resize
configuring -test-/bignum
configuring -test-/bug-3571
configuring -test-/bug-5832
configuring -test-/bug_reporter
configuring -test-/class
configuring -test-/debug
configuring -test-/dln/empty
configuring -test-/exception
configuring -test-/fatal
configuring -test-/file
compiling ./enc/trans/ebcdic.c
compiling ./enc/trans/emoji.c
compiling ./enc/trans/emoji_iso2022_kddi.c
configuring -test-/float
configuring -test-/funcall
configuring -test-/gvl/call_without_gvl
configuring -test-/hash
configuring -test-/integer
configuring -test-/iseq_load
configuring -test-/iter
configuring -test-/load/dot.dot
configuring -test-/load/protect
configuring -test-/marshal/compat
configuring -test-/marshal/internal_ivar
configuring -test-/marshal/usr
configuring -test-/memory_status
configuring -test-/method
configuring -test-/notimplement
configuring -test-/num2int
configuring -test-/path_to_class
configuring -test-/popen_deadlock
configuring -test-/postponed_job
configuring -test-/printf
configuring -test-/proc
configuring -test-/rational
configuring -test-/recursion
configuring -test-/regexp
configuring -test-/scan_args
configuring -test-/st/foreach
configuring -test-/st/numhash
configuring -test-/st/update
configuring -test-/string
configuring -test-/struct
configuring -test-/symbol
configuring -test-/thread_fd_close
configuring -test-/time
configuring -test-/tracepoint
configuring -test-/typeddata
configuring -test-/vm
configuring -test-/wait_for_single_fd
configuring digest
configuring digest/bubblebabble
configuring digest/md5
compiling ./enc/trans/emoji_sjis_docomo.c
compiling ./enc/trans/emoji_sjis_kddi.c
compiling ./enc/trans/emoji_sjis_softbank.c
configuring digest/rmd160
compiling ./enc/trans/escape.c
compiling ./enc/trans/gb18030.c
configuring digest/sha1
compiling ./enc/trans/gbk.c
compiling ./enc/trans/iso2022.c
configuring digest/sha2
compiling ./enc/trans/japanese.c
compiling ./enc/trans/japanese_euc.c
configuring fiber
configuring objspace
configuring fcntl
configuring bigdecimal
compiling ./enc/trans/japanese_sjis.c
compiling ./enc/trans/korean.c
compiling ./enc/trans/single_byte.c
compiling ./enc/trans/utf8_mac.c
configuring socket
compiling ./enc/trans/utf_16_32.c
linking transcoder transdb.so
linking transcoder big5.so
linking transcoder chinese.so
linking transcoder ebcdic.so
linking transcoder emoji.so
linking transcoder emoji_iso2022_kddi.so
linking transcoder emoji_sjis_docomo.so
linking transcoder emoji_sjis_kddi.so
linking transcoder emoji_sjis_softbank.so
linking transcoder escape.so
linking transcoder gb18030.so
linking transcoder gbk.so
linking transcoder iso2022.so
linking transcoder japanese.so
linking transcoder japanese_euc.so
linking transcoder japanese_sjis.so
linking transcoder korean.so
linking transcoder single_byte.so
linking transcoder utf8_mac.so
linking transcoder utf_16_32.so
make[1]: Leaving directory '/home/aspyre/.rvm/src/ruby-2.5.1'
configuring pty
configuring nkf
configuring openssl
configuring pathname
configuring syslog
configuring io/console
configuring io/nonblock
configuring io/wait
configuring coverage
configuring rbconfig/sizeof
configuring zlib
configuring sdbm
configuring racc/cparse
configuring ripper
configuring fiddle
configuring gdbm
configuring rubyvm
configuring stringio
configuring dbm
configuring date
configuring psych
configuring strscan
configuring etc
configuring readline
configuring cgi/escape
configuring continuation
configuring json
configuring json/generator
configuring json/parser
making encs
make[1]: Entering directory '/home/aspyre/.rvm/src/ruby-2.5.1'
make[1]: Nothing to be done for 'encs'.
make[1]: Leaving directory '/home/aspyre/.rvm/src/ruby-2.5.1'
make[1]: Leaving directory '/home/aspyre/.rvm/src/ruby-2.5.1'
generating makefile exts.mk
exts.mk updated
make[1]: Entering directory '/home/aspyre/.rvm/src/ruby-2.5.1'
make[2]: Entering directory '/home/aspyre/.rvm/src/ruby-2.5.1/ext/-test-/array/resize'
compiling resize.c
make[2]: Entering directory '/home/aspyre/.rvm/src/ruby-2.5.1/ext/-test-/bignum'
compiling div.c
linking shared-object -test-/array/resize.so
make[2]: Leaving directory '/home/aspyre/.rvm/src/ruby-2.5.1/ext/-test-/array/resize'
make[2]: Entering directory '/home/aspyre/.rvm/src/ruby-2.5.1/ext/-test-/bug-3571'
compiling bug.c
compiling mul.c
linking shared-object -test-/bug_3571.so
make[2]: Leaving directory '/home/aspyre/.rvm/src/ruby-2.5.1/ext/-test-/bug-3571'
make[2]: Entering directory '/home/aspyre/.rvm/src/ruby-2.5.1/ext/-test-/bug-5832'
compiling bug.c
compiling intpack.c
linking shared-object -test-/bug_5832.so
make[2]: Leaving directory '/home/aspyre/.rvm/src/ruby-2.5.1/ext/-test-/bug-5832'
make[2]: Entering directory '/home/aspyre/.rvm/src/ruby-2.5.1/ext/-test-/bug_reporter'
compiling bug_reporter.c
compiling bigzero.c
linking shared-object -test-/bug_reporter.so
make[2]: Leaving directory '/home/aspyre/.rvm/src/ruby-2.5.1/ext/-test-/bug_reporter'
make[2]: Entering directory '/home/aspyre/.rvm/src/ruby-2.5.1/ext/-test-/class'
compiling init.c
compiling init.c
compiling class2name.c
compiling big2str.c
linking shared-object -test-/class.so
make[2]: Leaving directory '/home/aspyre/.rvm/src/ruby-2.5.1/ext/-test-/class'
make[2]: Entering directory '/home/aspyre/.rvm/src/ruby-2.5.1/ext/-test-/debug'
compiling profile_frames.c
compiling str2big.c
compiling init.c
linking shared-object -test-/bignum.so
compiling inspector.c
make[2]: Leaving directory '/home/aspyre/.rvm/src/ruby-2.5.1/ext/-test-/bignum'
make[2]: Entering directory '/home/aspyre/.rvm/src/ruby-2.5.1/ext/-test-/dln/empty'
compiling empty.c
linking shared-object -test-/dln/empty.so
make[2]: Leaving directory '/home/aspyre/.rvm/src/ruby-2.5.1/ext/-test-/dln/empty'
make[2]: Entering directory '/home/aspyre/.rvm/src/ruby-2.5.1/ext/-test-/exception'
compiling enc_raise.c
linking shared-object -test-/debug.so
make[2]: Leaving directory '/home/aspyre/.rvm/src/ruby-2.5.1/ext/-test-/debug'
make[2]: Entering directory '/home/aspyre/.rvm/src/ruby-2.5.1/ext/-test-/fatal'
compiling rb_fatal.c
compiling ensured.c
linking shared-object -test-/fatal/rb_fatal.so
compiling init.c
make[2]: Leaving directory '/home/aspyre/.rvm/src/ruby-2.5.1/ext/-test-/fatal'
make[2]: Entering directory '/home/aspyre/.rvm/src/ruby-2.5.1/ext/-test-/file'
compiling fs.c
compiling dataerror.c
compiling init.c
linking shared-object -test-/exception.so
compiling stat.c
make[2]: Leaving directory '/home/aspyre/.rvm/src/ruby-2.5.1/ext/-test-/exception'
make[2]: Entering directory '/home/aspyre/.rvm/src/ruby-2.5.1/ext/-test-/float'
compiling nextafter.c
linking shared-object -test-/file.so
compiling init.c
make[2]: Leaving directory '/home/aspyre/.rvm/src/ruby-2.5.1/ext/-test-/file'
make[2]: Entering directory '/home/aspyre/.rvm/src/ruby-2.5.1/ext/-test-/funcall'
compiling funcall.c
linking shared-object -test-/float.so
linking shared-object -test-/funcall.so
make[2]: Leaving directory '/home/aspyre/.rvm/src/ruby-2.5.1/ext/-test-/float'
make[2]: Entering directory '/home/aspyre/.rvm/src/ruby-2.5.1/ext/-test-/gvl/call_without_gvl'
compiling call_without_gvl.c
make[2]: Leaving directory '/home/aspyre/.rvm/src/ruby-2.5.1/ext/-test-/funcall'
make[2]: Entering directory '/home/aspyre/.rvm/src/ruby-2.5.1/ext/-test-/hash'
compiling init.c
linking shared-object -test-/gvl/call_without_gvl.so
compiling delete.c
make[2]: Leaving directory '/home/aspyre/.rvm/src/ruby-2.5.1/ext/-test-/gvl/call_without_gvl'
make[2]: Entering directory '/home/aspyre/.rvm/src/ruby-2.5.1/ext/-test-/integer'
compiling my_integer.c
linking shared-object -test-/hash.so
compiling core_ext.c
make[2]: Leaving directory '/home/aspyre/.rvm/src/ruby-2.5.1/ext/-test-/hash'
make[2]: Entering directory '/home/aspyre/.rvm/src/ruby-2.5.1/ext/-test-/iseq_load'
compiling iseq_load.c
compiling init.c
linking shared-object -test-/iseq_load.so
make[2]: Leaving directory '/home/aspyre/.rvm/src/ruby-2.5.1/ext/-test-/iseq_load'
make[2]: Entering directory '/home/aspyre/.rvm/src/ruby-2.5.1/ext/-test-/iter'
compiling yield.c
linking shared-object -test-/integer.so
make[2]: Leaving directory '/home/aspyre/.rvm/src/ruby-2.5.1/ext/-test-/integer'
compiling break.c
compiling init.c
make[2]: Entering directory '/home/aspyre/.rvm/src/ruby-2.5.1/ext/-test-/load/dot.dot'
compiling dot.dot.c
linking shared-object -test-/load/dot.dot.so
linking shared-object -test-/iter.so
make[2]: Leaving directory '/home/aspyre/.rvm/src/ruby-2.5.1/ext/-test-/load/dot.dot'
make[2]: Entering directory '/home/aspyre/.rvm/src/ruby-2.5.1/ext/-test-/load/protect'
compiling protect.c
make[2]: Leaving directory '/home/aspyre/.rvm/src/ruby-2.5.1/ext/-test-/iter'
make[2]: Entering directory '/home/aspyre/.rvm/src/ruby-2.5.1/ext/-test-/marshal/compat'
compiling usrcompat.c
linking shared-object -test-/load/protect.so
linking shared-object -test-/marshal/compat.so
make[2]: Leaving directory '/home/aspyre/.rvm/src/ruby-2.5.1/ext/-test-/load/protect'
make[2]: Entering directory '/home/aspyre/.rvm/src/ruby-2.5.1/ext/-test-/marshal/internal_ivar'
compiling internal_ivar.c
make[2]: Leaving directory '/home/aspyre/.rvm/src/ruby-2.5.1/ext/-test-/marshal/compat'
make[2]: Entering directory '/home/aspyre/.rvm/src/ruby-2.5.1/ext/-test-/marshal/usr'
compiling usrmarshal.c
linking shared-object -test-/marshal/internal_ivar.so
make[2]: Leaving directory '/home/aspyre/.rvm/src/ruby-2.5.1/ext/-test-/marshal/internal_ivar'
linking shared-object -test-/marshal/usr.so
make[2]: Entering directory '/home/aspyre/.rvm/src/ruby-2.5.1/ext/-test-/method'
compiling arity.c
make[2]: Leaving directory '/home/aspyre/.rvm/src/ruby-2.5.1/ext/-test-/marshal/usr'
compiling init.c
make[2]: Entering directory '/home/aspyre/.rvm/src/ruby-2.5.1/ext/-test-/notimplement'
compiling bug.c
linking shared-object -test-/method.so
make[2]: Leaving directory '/home/aspyre/.rvm/src/ruby-2.5.1/ext/-test-/method'
make[2]: Entering directory '/home/aspyre/.rvm/src/ruby-2.5.1/ext/-test-/num2int'
compiling num2int.c
linking shared-object -test-/notimplement.so
make[2]: Leaving directory '/home/aspyre/.rvm/src/ruby-2.5.1/ext/-test-/notimplement'
make[2]: Entering directory '/home/aspyre/.rvm/src/ruby-2.5.1/ext/-test-/path_to_class'
compiling path_to_class.c
linking shared-object -test-/num2int.so
linking shared-object -test-/path_to_class.so
make[2]: Leaving directory '/home/aspyre/.rvm/src/ruby-2.5.1/ext/-test-/num2int'
make[2]: Entering directory '/home/aspyre/.rvm/src/ruby-2.5.1/ext/-test-/popen_deadlock'
compiling infinite_loop_dlsym.c
make[2]: Leaving directory '/home/aspyre/.rvm/src/ruby-2.5.1/ext/-test-/path_to_class'
make[2]: Entering directory '/home/aspyre/.rvm/src/ruby-2.5.1/ext/-test-/postponed_job'
compiling postponed_job.c
linking shared-object -test-/popen_deadlock/infinite_loop_dlsym.so
linking shared-object -test-/postponed_job.so
make[2]: Leaving directory '/home/aspyre/.rvm/src/ruby-2.5.1/ext/-test-/popen_deadlock'
make[2]: Entering directory '/home/aspyre/.rvm/src/ruby-2.5.1/ext/-test-/printf'
compiling printf.c
make[2]: Leaving directory '/home/aspyre/.rvm/src/ruby-2.5.1/ext/-test-/postponed_job'
make[2]: Entering directory '/home/aspyre/.rvm/src/ruby-2.5.1/ext/-test-/proc'
compiling init.c
compiling receiver.c
linking shared-object -test-/printf.so
make[2]: Leaving directory '/home/aspyre/.rvm/src/ruby-2.5.1/ext/-test-/printf'
make[2]: Entering directory '/home/aspyre/.rvm/src/ruby-2.5.1/ext/-test-/rational'
compiling rat.c
compiling super.c
linking shared-object -test-/proc.so
linking shared-object -test-/rational.so
make[2]: Leaving directory '/home/aspyre/.rvm/src/ruby-2.5.1/ext/-test-/proc'
make[2]: Entering directory '/home/aspyre/.rvm/src/ruby-2.5.1/ext/-test-/recursion'
make[2]: Leaving directory '/home/aspyre/.rvm/src/ruby-2.5.1/ext/-test-/rational'
compiling recursion.c
make[2]: Entering directory '/home/aspyre/.rvm/src/ruby-2.5.1/ext/-test-/regexp'
compiling parse_depth_limit.c
linking shared-object -test-/recursion.so
compiling init.c
make[2]: Leaving directory '/home/aspyre/.rvm/src/ruby-2.5.1/ext/-test-/recursion'
make[2]: Entering directory '/home/aspyre/.rvm/src/ruby-2.5.1/ext/-test-/scan_args'
compiling scan_args.c
linking shared-object -test-/regexp.so
make[2]: Leaving directory '/home/aspyre/.rvm/src/ruby-2.5.1/ext/-test-/regexp'
make[2]: Entering directory '/home/aspyre/.rvm/src/ruby-2.5.1/ext/-test-/st/foreach'
compiling foreach.c
linking shared-object -test-/st/foreach.so
make[2]: Leaving directory '/home/aspyre/.rvm/src/ruby-2.5.1/ext/-test-/st/foreach'
make[2]: Entering directory '/home/aspyre/.rvm/src/ruby-2.5.1/ext/-test-/st/numhash'
compiling numhash.c
linking shared-object -test-/st/numhash.so
make[2]: Leaving directory '/home/aspyre/.rvm/src/ruby-2.5.1/ext/-test-/st/numhash'
make[2]: Entering directory '/home/aspyre/.rvm/src/ruby-2.5.1/ext/-test-/st/update'
compiling update.c
linking shared-object -test-/st/update.so
make[2]: Leaving directory '/home/aspyre/.rvm/src/ruby-2.5.1/ext/-test-/st/update'
make[2]: Entering directory '/home/aspyre/.rvm/src/ruby-2.5.1/ext/-test-/string'
compiling nofree.c
linking shared-object -test-/scan_args.so
make[2]: Leaving directory '/home/aspyre/.rvm/src/ruby-2.5.1/ext/-test-/scan_args'
compiling new.c
compiling enc_associate.c
compiling fstring.c
compiling capacity.c
compiling modify.c
compiling coderange.c
compiling ellipsize.c
compiling qsort.c
compiling normalize.c
compiling init.c
compiling enc_str_buf_cat.c
compiling set_len.c
compiling cstr.c
make[2]: Entering directory '/home/aspyre/.rvm/src/ruby-2.5.1/ext/-test-/struct'
compiling len.c
compiling duplicate.c
linking shared-object -test-/string.so
make[2]: Leaving directory '/home/aspyre/.rvm/src/ruby-2.5.1/ext/-test-/string'
make[2]: Entering directory '/home/aspyre/.rvm/src/ruby-2.5.1/ext/-test-/symbol'
compiling type.c
compiling member.c
compiling init.c
compiling init.c
linking shared-object -test-/struct.so
linking shared-object -test-/symbol.so
make[2]: Leaving directory '/home/aspyre/.rvm/src/ruby-2.5.1/ext/-test-/struct'
make[2]: Entering directory '/home/aspyre/.rvm/src/ruby-2.5.1/ext/-test-/thread_fd_close'
compiling thread_fd_close.c
make[2]: Leaving directory '/home/aspyre/.rvm/src/ruby-2.5.1/ext/-test-/symbol'
make[2]: Entering directory '/home/aspyre/.rvm/src/ruby-2.5.1/ext/-test-/time'
compiling new.c
linking shared-object -test-/thread_fd_close.so
compiling init.c
make[2]: Leaving directory '/home/aspyre/.rvm/src/ruby-2.5.1/ext/-test-/thread_fd_close'
make[2]: Entering directory '/home/aspyre/.rvm/src/ruby-2.5.1/ext/-test-/tracepoint'
compiling gc_hook.c
linking shared-object -test-/time.so
compiling tracepoint.c
make[2]: Leaving directory '/home/aspyre/.rvm/src/ruby-2.5.1/ext/-test-/time'
make[2]: Entering directory '/home/aspyre/.rvm/src/ruby-2.5.1/ext/-test-/typeddata'
compiling typeddata.c
linking shared-object -test-/tracepoint.so
linking shared-object -test-/typeddata.so
make[2]: Leaving directory '/home/aspyre/.rvm/src/ruby-2.5.1/ext/-test-/tracepoint'
make[2]: Entering directory '/home/aspyre/.rvm/src/ruby-2.5.1/ext/-test-/vm'
compiling at_exit.c
make[2]: Leaving directory '/home/aspyre/.rvm/src/ruby-2.5.1/ext/-test-/typeddata'
make[2]: Entering directory '/home/aspyre/.rvm/src/ruby-2.5.1/ext/-test-/wait_for_single_fd'
compiling wait_for_single_fd.c
linking shared-object -test-/vm/at_exit.so
linking shared-object -test-/wait_for_single_fd.so
make[2]: Leaving directory '/home/aspyre/.rvm/src/ruby-2.5.1/ext/-test-/vm'
make[2]: Entering directory '/home/aspyre/.rvm/src/ruby-2.5.1/ext/digest'
compiling digest.c
make[2]: Leaving directory '/home/aspyre/.rvm/src/ruby-2.5.1/ext/-test-/wait_for_single_fd'
make[2]: Entering directory '/home/aspyre/.rvm/src/ruby-2.5.1/ext/digest/bubblebabble'
compiling bubblebabble.c
linking shared-object digest/bubblebabble.so
make[2]: Leaving directory '/home/aspyre/.rvm/src/ruby-2.5.1/ext/digest/bubblebabble'
make[2]: Entering directory '/home/aspyre/.rvm/src/ruby-2.5.1/ext/digest/md5'
compiling md5init.c
linking shared-object digest.so
linking shared-object digest/md5.so
installing digest libraries
installing default digest libraries
make[2]: Leaving directory '/home/aspyre/.rvm/src/ruby-2.5.1/ext/digest'
make[2]: Entering directory '/home/aspyre/.rvm/src/ruby-2.5.1/ext/digest/rmd160'
compiling rmd160init.c
make[2]: Leaving directory '/home/aspyre/.rvm/src/ruby-2.5.1/ext/digest/md5'
make[2]: Entering directory '/home/aspyre/.rvm/src/ruby-2.5.1/ext/digest/sha1'
compiling sha1init.c
linking shared-object digest/rmd160.so
linking shared-object digest/sha1.so
make[2]: Leaving directory '/home/aspyre/.rvm/src/ruby-2.5.1/ext/digest/rmd160'
make[2]: Entering directory '/home/aspyre/.rvm/src/ruby-2.5.1/ext/digest/sha2'
compiling sha2init.c
make[2]: Leaving directory '/home/aspyre/.rvm/src/ruby-2.5.1/ext/digest/sha1'
installing default sha2 libraries
make[2]: Entering directory '/home/aspyre/.rvm/src/ruby-2.5.1/ext/fiber'
compiling fiber.c
linking shared-object fiber.so
make[2]: Leaving directory '/home/aspyre/.rvm/src/ruby-2.5.1/ext/fiber'
make[2]: Entering directory '/home/aspyre/.rvm/src/ruby-2.5.1/ext/objspace'
compiling object_tracing.c
linking shared-object digest/sha2.so
make[2]: Leaving directory '/home/aspyre/.rvm/src/ruby-2.5.1/ext/digest/sha2'
compiling objspace.c
compiling objspace_dump.c
make[2]: Entering directory '/home/aspyre/.rvm/src/ruby-2.5.1/ext/fcntl'
compiling fcntl.c
linking shared-object objspace.so
linking shared-object fcntl.so
make[2]: Leaving directory '/home/aspyre/.rvm/src/ruby-2.5.1/ext/objspace'
make[2]: Leaving directory '/home/aspyre/.rvm/src/ruby-2.5.1/ext/fcntl'
make[2]: Entering directory '/home/aspyre/.rvm/src/ruby-2.5.1/ext/bigdecimal'
compiling bigdecimal.c
make[2]: Entering directory '/home/aspyre/.rvm/src/ruby-2.5.1/ext/socket'
compiling init.c
compiling constants.c
compiling basicsocket.c
compiling socket.c
compiling ipsocket.c
linking shared-object bigdecimal.so
compiling tcpsocket.c
installing default bigdecimal libraries
make[2]: Leaving directory '/home/aspyre/.rvm/src/ruby-2.5.1/ext/bigdecimal'
make[2]: Entering directory '/home/aspyre/.rvm/src/ruby-2.5.1/ext/pty'
compiling pty.c
compiling tcpserver.c
installing default pty libraries
linking shared-object pty.so
make[2]: Leaving directory '/home/aspyre/.rvm/src/ruby-2.5.1/ext/pty'
compiling sockssocket.c
compiling udpsocket.c
compiling unixsocket.c
compiling unixserver.c
compiling option.c
compiling ancdata.c
compiling raddrinfo.c
make[2]: Entering directory '/home/aspyre/.rvm/src/ruby-2.5.1/ext/nkf'
compiling nkf.c
compiling ifaddr.c
installing default socket libraries
linking shared-object socket.so
make[2]: Leaving directory '/home/aspyre/.rvm/src/ruby-2.5.1/ext/socket'
make[2]: Entering directory '/home/aspyre/.rvm/src/ruby-2.5.1/ext/openssl'
compiling openssl_missing.c
compiling ossl.c
compiling ossl_asn1.c
installing default nkf libraries
linking shared-object nkf.so
make[2]: Leaving directory '/home/aspyre/.rvm/src/ruby-2.5.1/ext/nkf'
compiling ossl_bio.c
compiling ossl_bn.c
compiling ossl_cipher.c
compiling ossl_config.c
compiling ossl_digest.c
make[2]: Entering directory '/home/aspyre/.rvm/src/ruby-2.5.1/ext/pathname'
compiling pathname.c
compiling ossl_engine.c
compiling ossl_hmac.c
compiling ossl_kdf.c
installing default pathname libraries
linking shared-object pathname.so
make[2]: Leaving directory '/home/aspyre/.rvm/src/ruby-2.5.1/ext/pathname'
make[2]: Entering directory '/home/aspyre/.rvm/src/ruby-2.5.1/ext/syslog'
compiling syslog.c
linking shared-object syslog.so
compiling ossl_ns_spki.c
installing default syslog libraries
make[2]: Leaving directory '/home/aspyre/.rvm/src/ruby-2.5.1/ext/syslog'
make[2]: Entering directory '/home/aspyre/.rvm/src/ruby-2.5.1/ext/io/console'
compiling console.c
compiling ossl_ocsp.c
linking shared-object io/console.so
installing default console libraries
make[2]: Leaving directory '/home/aspyre/.rvm/src/ruby-2.5.1/ext/io/console'
make[2]: Entering directory '/home/aspyre/.rvm/src/ruby-2.5.1/ext/io/nonblock'
compiling nonblock.c
linking shared-object io/nonblock.so
make[2]: Leaving directory '/home/aspyre/.rvm/src/ruby-2.5.1/ext/io/nonblock'
make[2]: Entering directory '/home/aspyre/.rvm/src/ruby-2.5.1/ext/io/wait'
compiling wait.c
linking shared-object io/wait.so
make[2]: Leaving directory '/home/aspyre/.rvm/src/ruby-2.5.1/ext/io/wait'
make[2]: Entering directory '/home/aspyre/.rvm/src/ruby-2.5.1/ext/coverage'
compiling coverage.c
linking shared-object coverage.so
compiling ossl_pkcs12.c
make[2]: Leaving directory '/home/aspyre/.rvm/src/ruby-2.5.1/ext/coverage'
make[2]: Entering directory '/home/aspyre/.rvm/src/ruby-2.5.1/ext/rbconfig/sizeof'
compiling sizes.c
compiling limits.c
linking shared-object rbconfig/sizeof.so
compiling ossl_pkcs7.c
make[2]: Leaving directory '/home/aspyre/.rvm/src/ruby-2.5.1/ext/rbconfig/sizeof'
make[2]: Entering directory '/home/aspyre/.rvm/src/ruby-2.5.1/ext/zlib'
compiling zlib.c
compiling ossl_pkey.c
compiling ossl_pkey_dh.c
compiling ossl_pkey_dsa.c
compiling ossl_pkey_ec.c
linking shared-object zlib.so
make[2]: Leaving directory '/home/aspyre/.rvm/src/ruby-2.5.1/ext/zlib'
make[2]: Entering directory '/home/aspyre/.rvm/src/ruby-2.5.1/ext/sdbm'
compiling _sdbm.c
compiling init.c
compiling ossl_pkey_rsa.c
linking shared-object sdbm.so
make[2]: Leaving directory '/home/aspyre/.rvm/src/ruby-2.5.1/ext/sdbm'
make[2]: Entering directory '/home/aspyre/.rvm/src/ruby-2.5.1/ext/racc/cparse'
compiling cparse.c
linking shared-object racc/cparse.so
make[2]: Leaving directory '/home/aspyre/.rvm/src/ruby-2.5.1/ext/racc/cparse'
make[2]: Entering directory '/home/aspyre/.rvm/src/ruby-2.5.1/ext/ripper'
compiling ripper.c
compiling ossl_rand.c
compiling ossl_ssl.c
compiling ossl_ssl_session.c
compiling ossl_x509.c
compiling ossl_x509attr.c
compiling ossl_x509cert.c
compiling ossl_x509crl.c
compiling ossl_x509ext.c
compiling ossl_x509name.c
compiling ossl_x509req.c
compiling ossl_x509revoked.c
checking ../.././parse.y and ../.././ext/ripper/eventids2.c
linking shared-object ripper.so
installing default ripper libraries
make[2]: Leaving directory '/home/aspyre/.rvm/src/ruby-2.5.1/ext/ripper'
make[2]: Entering directory '/home/aspyre/.rvm/src/ruby-2.5.1/ext/fiddle'
compiling closure.c
compiling ossl_x509store.c
compiling conversions.c
compiling fiddle.c
compiling function.c
linking shared-object openssl.so
compiling handle.c
installing default openssl libraries
make[2]: Leaving directory '/home/aspyre/.rvm/src/ruby-2.5.1/ext/openssl'
make[2]: Entering directory '/home/aspyre/.rvm/src/ruby-2.5.1/ext/gdbm'
compiling gdbm.c
compiling pointer.c
linking shared-object fiddle.so
installing default fiddle libraries
make[2]: Leaving directory '/home/aspyre/.rvm/src/ruby-2.5.1/ext/fiddle'
make[2]: Entering directory '/home/aspyre/.rvm/src/ruby-2.5.1/ext/rubyvm'
installing default libraries
make[2]: Leaving directory '/home/aspyre/.rvm/src/ruby-2.5.1/ext/rubyvm'
make[2]: Entering directory '/home/aspyre/.rvm/src/ruby-2.5.1/ext/stringio'
compiling stringio.c
linking shared-object gdbm.so
make[2]: Leaving directory '/home/aspyre/.rvm/src/ruby-2.5.1/ext/gdbm'
make[2]: Entering directory '/home/aspyre/.rvm/src/ruby-2.5.1/ext/date'
compiling date_core.c
linking shared-object stringio.so
make[2]: Leaving directory '/home/aspyre/.rvm/src/ruby-2.5.1/ext/stringio'
make[2]: Entering directory '/home/aspyre/.rvm/src/ruby-2.5.1/ext/psych'
compiling psych.c
compiling psych_emitter.c
compiling psych_parser.c
compiling psych_to_ruby.c
compiling psych_yaml_tree.c
linking shared-object psych.so
make[2]: Leaving directory '/home/aspyre/.rvm/src/ruby-2.5.1/ext/psych'
make[2]: Entering directory '/home/aspyre/.rvm/src/ruby-2.5.1/ext/strscan'
compiling strscan.c
linking shared-object strscan.so
make[2]: Leaving directory '/home/aspyre/.rvm/src/ruby-2.5.1/ext/strscan'
make[2]: Entering directory '/home/aspyre/.rvm/src/ruby-2.5.1/ext/etc'
generating constant definitions
compiling etc.c
linking shared-object etc.so
make[2]: Leaving directory '/home/aspyre/.rvm/src/ruby-2.5.1/ext/etc'
make[2]: Entering directory '/home/aspyre/.rvm/src/ruby-2.5.1/ext/readline'
compiling readline.c
linking shared-object readline.so
compiling date_parse.c
make[2]: Leaving directory '/home/aspyre/.rvm/src/ruby-2.5.1/ext/readline'
compiling date_strftime.c
compiling date_strptime.c
installing default date_core libraries
make[2]: Entering directory '/home/aspyre/.rvm/src/ruby-2.5.1/ext/cgi/escape'
compiling escape.c
linking shared-object cgi/escape.so
make[2]: Leaving directory '/home/aspyre/.rvm/src/ruby-2.5.1/ext/cgi/escape'
make[2]: Entering directory '/home/aspyre/.rvm/src/ruby-2.5.1/ext/continuation'
compiling continuation.c
linking shared-object continuation.so
make[2]: Leaving directory '/home/aspyre/.rvm/src/ruby-2.5.1/ext/continuation'
make[2]: Entering directory '/home/aspyre/.rvm/src/ruby-2.5.1/ext/json'
make[2]: Leaving directory '/home/aspyre/.rvm/src/ruby-2.5.1/ext/json'
make[2]: Entering directory '/home/aspyre/.rvm/src/ruby-2.5.1/ext/json/generator'
compiling generator.c
linking shared-object date_core.so
make[2]: Leaving directory '/home/aspyre/.rvm/src/ruby-2.5.1/ext/date'
make[2]: Entering directory '/home/aspyre/.rvm/src/ruby-2.5.1/ext/json/parser'
compiling parser.c
linking shared-object json/ext/parser.so
make[2]: Leaving directory '/home/aspyre/.rvm/src/ruby-2.5.1/ext/json/parser'
linking shared-object json/ext/generator.so
make[2]: Leaving directory '/home/aspyre/.rvm/src/ruby-2.5.1/ext/json/generator'
make[2]: Entering directory '/home/aspyre/.rvm/src/ruby-2.5.1'
linking shared-library libruby.so.2.5.1
linking ruby
make[2]: Leaving directory '/home/aspyre/.rvm/src/ruby-2.5.1'
make[1]: Leaving directory '/home/aspyre/.rvm/src/ruby-2.5.1'
make[1]: Entering directory '/home/aspyre/.rvm/src/ruby-2.5.1'
*** Following extensions are not compiled:
dbm:
	Could not be configured. It will not be installed.
	Check ext/dbm/mkmf.log for more details.
*** Fix the problems, then remove these directories and try again if you want.
make[1]: Leaving directory '/home/aspyre/.rvm/src/ruby-2.5.1'
